__________________________________________________
|5/7/2018 | BatchSamsung | Completed with warnings
|
|    Items processed: 52 (25.0 MB)
|    Total time: 00:00:19
|_________________________________________________

[1:58:49 PM]  Info:  Comparison finished: 16,418 items found
[1:58:49 PM]  Warning:  The recycle bin is not supported by the following folders. Deleted or overwritten files will not be able to be restored:
                        E:\sync_[Shaughnessy] Engr Ethics
[1:58:51 PM]  Info:  Synchronizing folder pair: <-Two way->
                         C:\Sync_Samsung FlashDrive\sync_[Shaughnessy] Docs
                         E:\sync_[Shaughnessy] Docs
[1:58:51 PM]  Info:  Synchronizing folder pair: <-Two way->
                         C:\Sync_Samsung FlashDrive\sync_[Shaughnessy] TapSmart
                         E:\sync_[Shaughnessy] TapSmart
[1:58:51 PM]  Info:  Synchronizing folder pair: <-Two way->
                         C:\Sync_Samsung FlashDrive\sync_[Shaughnessy] Engr Ethics
                         E:\sync_[Shaughnessy] Engr Ethics
[1:58:51 PM]  Info:  Updating file "E:\sync_[Shaughnessy] Engr Ethics\-- Exam 2 Lecture Slides\Screenshot_1.png"
[1:58:51 PM]  Info:  Updating file "E:\sync_[Shaughnessy] Engr Ethics\-- Exam 2 Lecture Slides\Screenshot_2.png"
[1:58:51 PM]  Info:  Creating file "E:\sync_[Shaughnessy] Engr Ethics\-- Exam 2 Lecture Slides\Class 19 - Intro to Ethics (1).jpeg"
[1:58:52 PM]  Info:  Creating file "E:\sync_[Shaughnessy] Engr Ethics\-- Exam 2 Lecture Slides\Class 19 - Intro to Ethics (2).jpeg"
[1:58:52 PM]  Info:  Creating file "E:\sync_[Shaughnessy] Engr Ethics\-- Exam 2 Lecture Slides\Class 19 - Intro to Ethics (3).jpeg"
[1:58:53 PM]  Info:  Creating file "E:\sync_[Shaughnessy] Engr Ethics\-- Exam 2 Lecture Slides\Class 19 - Intro to Ethics (4).jpeg"
[1:58:53 PM]  Info:  Creating file "E:\sync_[Shaughnessy] Engr Ethics\-- Exam 2 Lecture Slides\Class 20 - Minor Theories (1).jpeg"
[1:58:53 PM]  Info:  Creating file "E:\sync_[Shaughnessy] Engr Ethics\-- Exam 2 Lecture Slides\Class 20 - Minor Theories (2).jpeg"
[1:58:53 PM]  Info:  Creating file "E:\sync_[Shaughnessy] Engr Ethics\-- Exam 2 Lecture Slides\Class 20 - Minor Theories (3).jpeg"
[1:58:53 PM]  Info:  Creating file "E:\sync_[Shaughnessy] Engr Ethics\-- Exam 2 Lecture Slides\Class 20 - Minor Theories (4).jpeg"
[1:58:53 PM]  Info:  Creating file "E:\sync_[Shaughnessy] Engr Ethics\-- Exam 2 Lecture Slides\Class 25 - Virtue Ethics (1).jpeg"
[1:58:53 PM]  Info:  Creating file "E:\sync_[Shaughnessy] Engr Ethics\-- Exam 2 Lecture Slides\Class 25 - Virtue Ethics (2).jpeg"
[1:58:53 PM]  Info:  Creating file "E:\sync_[Shaughnessy] Engr Ethics\-- Exam 2 Lecture Slides\Class 25 - Virtue Ethics (3).jpeg"
[1:58:53 PM]  Info:  Creating file "E:\sync_[Shaughnessy] Engr Ethics\-- Exam 2 Lecture Slides\Class 25 - Virtue Ethics (4).jpeg"
[1:58:53 PM]  Info:  Creating file "E:\sync_[Shaughnessy] Engr Ethics\-- Exam 2 Lecture Slides\Class 25 - Virtue Ethics (5).jpeg"
[1:58:54 PM]  Info:  Creating file "E:\sync_[Shaughnessy] Engr Ethics\-- Exam 2 Lecture Slides\Class 25 - Virtue Ethics (6).jpeg"
[1:58:54 PM]  Info:  Creating file "E:\sync_[Shaughnessy] Engr Ethics\-- Exam 2 Lecture Slides\Class 25 - Virtue Ethics (7).jpeg"
[1:58:54 PM]  Info:  Creating file "E:\sync_[Shaughnessy] Engr Ethics\-- Exam 2 Lecture Slides\Class 26 -  Best Theory (0).jpeg"
[1:58:54 PM]  Info:  Creating file "E:\sync_[Shaughnessy] Engr Ethics\-- Exam 2 Lecture Slides\Class 26 -  Best Theory (1).jpeg"
[1:58:54 PM]  Info:  Creating file "E:\sync_[Shaughnessy] Engr Ethics\-- Exam 2 Lecture Slides\Class 26 -  Best Theory (2).jpeg"
[1:58:54 PM]  Info:  Creating file "E:\sync_[Shaughnessy] Engr Ethics\-- Exam 2 Lecture Slides\Class 26 -  Best Theory (3).jpeg"
[1:58:54 PM]  Info:  Creating file "E:\sync_[Shaughnessy] Engr Ethics\-- Exam 2 Lecture Slides\Class 27 - GM & Organ Donation (1).png"
[1:58:54 PM]  Info:  Creating file "E:\sync_[Shaughnessy] Engr Ethics\-- Exam 2 Lecture Slides\Class 27 - GM & Organ Donation (10).png"
[1:58:54 PM]  Info:  Creating file "E:\sync_[Shaughnessy] Engr Ethics\-- Exam 2 Lecture Slides\Class 27 - GM & Organ Donation (11).png"
[1:58:54 PM]  Info:  Creating file "E:\sync_[Shaughnessy] Engr Ethics\-- Exam 2 Lecture Slides\Class 27 - GM & Organ Donation (12).png"
[1:58:54 PM]  Info:  Creating file "E:\sync_[Shaughnessy] Engr Ethics\-- Exam 2 Lecture Slides\Class 27 - GM & Organ Donation (13).png"
[1:59:02 PM]  Info:  Creating file "E:\sync_[Shaughnessy] Engr Ethics\-- Exam 2 Lecture Slides\Class 27 - GM & Organ Donation (14).png"
[1:59:02 PM]  Info:  Creating file "E:\sync_[Shaughnessy] Engr Ethics\-- Exam 2 Lecture Slides\Class 27 - GM & Organ Donation (2).png"
[1:59:03 PM]  Info:  Creating file "E:\sync_[Shaughnessy] Engr Ethics\-- Exam 2 Lecture Slides\Class 27 - GM & Organ Donation (3).png"
[1:59:03 PM]  Info:  Creating file "E:\sync_[Shaughnessy] Engr Ethics\-- Exam 2 Lecture Slides\Class 27 - GM & Organ Donation (4).png"
[1:59:03 PM]  Info:  Creating file "E:\sync_[Shaughnessy] Engr Ethics\-- Exam 2 Lecture Slides\Class 27 - GM & Organ Donation (5).png"
[1:59:03 PM]  Info:  Creating file "E:\sync_[Shaughnessy] Engr Ethics\-- Exam 2 Lecture Slides\Class 27 - GM & Organ Donation (6).png"
[1:59:03 PM]  Info:  Creating file "E:\sync_[Shaughnessy] Engr Ethics\-- Exam 2 Lecture Slides\Class 27 - GM & Organ Donation (7).png"
[1:59:03 PM]  Info:  Creating file "E:\sync_[Shaughnessy] Engr Ethics\-- Exam 2 Lecture Slides\Class 27 - GM & Organ Donation (8).png"
[1:59:03 PM]  Info:  Creating file "E:\sync_[Shaughnessy] Engr Ethics\-- Exam 2 Lecture Slides\Class 27 - GM & Organ Donation (9).png"
[1:59:03 PM]  Info:  Creating file "E:\sync_[Shaughnessy] Engr Ethics\-- Exam 2 Lecture Slides\Class 28 - Organ Donation (1).png"
[1:59:03 PM]  Info:  Creating file "E:\sync_[Shaughnessy] Engr Ethics\-- Exam 2 Lecture Slides\Class 28 - Organ Donation (2).png"
[1:59:03 PM]  Info:  Creating file "E:\sync_[Shaughnessy] Engr Ethics\-- Exam 2 Lecture Slides\Class 28 - Organ Donation (3).png"
[1:59:04 PM]  Info:  Creating file "E:\sync_[Shaughnessy] Engr Ethics\-- Exam 2 Lecture Slides\Class 28 - Organ Donation (4).png"
[1:59:04 PM]  Info:  Creating file "E:\sync_[Shaughnessy] Engr Ethics\-- Exam 2 Lecture Slides\Class 28 - Organ Donation (5).png"
[1:59:04 PM]  Info:  Creating file "E:\sync_[Shaughnessy] Engr Ethics\-- Exam 2 Lecture Slides\Class 29 - NSPE & Codes (1).png"
[1:59:04 PM]  Info:  Creating file "E:\sync_[Shaughnessy] Engr Ethics\-- Exam 2 Lecture Slides\Class 29 - NSPE & Codes (10).png"
[1:59:04 PM]  Info:  Creating file "E:\sync_[Shaughnessy] Engr Ethics\-- Exam 2 Lecture Slides\Class 29 - NSPE & Codes (11).png"
[1:59:04 PM]  Info:  Creating file "E:\sync_[Shaughnessy] Engr Ethics\-- Exam 2 Lecture Slides\Class 29 - NSPE & Codes (2).png"
[1:59:04 PM]  Info:  Creating file "E:\sync_[Shaughnessy] Engr Ethics\-- Exam 2 Lecture Slides\Class 29 - NSPE & Codes (3).png"
[1:59:05 PM]  Info:  Creating file "E:\sync_[Shaughnessy] Engr Ethics\-- Exam 2 Lecture Slides\Class 29 - NSPE & Codes (4).png"
[1:59:05 PM]  Info:  Creating file "E:\sync_[Shaughnessy] Engr Ethics\-- Exam 2 Lecture Slides\Class 29 - NSPE & Codes (5).png"
[1:59:05 PM]  Info:  Creating file "E:\sync_[Shaughnessy] Engr Ethics\-- Exam 2 Lecture Slides\Class 29 - NSPE & Codes (6).png"
[1:59:05 PM]  Info:  Creating file "E:\sync_[Shaughnessy] Engr Ethics\-- Exam 2 Lecture Slides\Class 29 - NSPE & Codes (7).png"
[1:59:05 PM]  Info:  Creating file "E:\sync_[Shaughnessy] Engr Ethics\-- Exam 2 Lecture Slides\Class 29 - NSPE & Codes (8).png"
[1:59:05 PM]  Info:  Creating file "E:\sync_[Shaughnessy] Engr Ethics\-- Exam 2 Lecture Slides\Class 29 - NSPE & Codes (9).png"
[1:59:05 PM]  Info:  Creating file "E:\sync_[Shaughnessy] Engr Ethics\-- Exam 2 Lecture Slides\Screenshot_3.png"
[1:59:06 PM]  Info:  Synchronizing folder pair: <-Two way->
                         C:\Sync_Samsung FlashDrive\sync_[Shaughnessy] ECE 471 DSP
                         E:\sync_[Shaughnessy] ECE 471 DSP
[1:59:06 PM]  Info:  Synchronizing folder pair: <-Two way->
                         C:\Sync_Samsung FlashDrive\sync_[Shaughnessy] ECE 422
                         E:\sync_[Shaughnessy] ECE 422
[1:59:06 PM]  Info:  Synchronizing folder pair: <-Two way->
                         C:\Sync_Samsung FlashDrive\sync_[Shaughnessy] Employment
                         E:\sync_[Shaughnessy] Employment
[1:59:06 PM]  Info:  Synchronizing folder pair: <-Two way->
                         C:\Sync_Samsung FlashDrive\sync_[Shaughnessy] SCSU 2016 Fall
                         E:\sync_[Shaughnessy] SCSU 2016 Fall
[1:59:06 PM]  Info:  Synchronizing folder pair: <-Two way->
                         C:\Sync_Samsung FlashDrive\sync_[Shaughnessy] SCSU 2016 Spring
                         E:\sync_[Shaughnessy] SCSU 2016 Spring
[1:59:06 PM]  Info:  Synchronizing folder pair: <-Two way->
                         C:\Sync_Samsung FlashDrive\sync_[Shaughnessy] SCSU 2017 Spring
                         E:\sync_[Shaughnessy] SCSU 2017 Spring
[1:59:06 PM]  Info:  Synchronizing folder pair: <-Two way->
                         C:\Sync_Samsung FlashDrive\sync_[Shaughnessy] SCSU Docs
                         E:\sync_[Shaughnessy] SCSU Docs
[1:59:06 PM]  Info:  Synchronizing folder pair: <-Two way->
                         C:\Sync_Samsung FlashDrive\sync_KHK
                         E:\sync_KHK
[1:59:06 PM]  Info:  Synchronizing folder pair: <-Two way->
                         C:\Sync_Samsung FlashDrive\sync_Textbooks
                         E:\sync_Textbooks
[1:59:06 PM]  Info:  Synchronizing folder pair: <-Two way->
                         C:\Sync_Samsung FlashDrive\sync_Vehicles
                         E:\sync_Vehicles
[1:59:06 PM]  Warning:  Completed with warnings
